Julia Version 1.3.1
Commit 2d5741174c (2019-12-30 21:36 UTC)
Platform Info:
  OS: Linux (x86_64-pc-linux-gnu)
  CPU: AMD Ryzen Threadripper 2990WX 32-Core Processor
  WORD_SIZE: 64
  LIBM: libopenlibm
  LLVM: libLLVM-6.0.1 (ORCJIT, znver1)
Environment:
  JULIA_DEPOT_PATH = ::/usr/local/share/julia
  JULIA_NUM_THREADS = 2

 Resolving package versions...
 Installed CEnum ─────────────── v0.2.0
 Installed HELICS_jll ────────── v2.4.1+1
 Installed ZeroMQ_jll ────────── v4.3.2+1
 Installed DocStringExtensions ─ v0.8.1
 Installed HELICS ────────────── v0.7.0
  Updating `~/.julia/environments/v1.3/Project.toml`
  [81524022] + HELICS v0.7.0
  Updating `~/.julia/environments/v1.3/Manifest.toml`
  [fa961155] + CEnum v0.2.0
  [ffbed154] + DocStringExtensions v0.8.1
  [81524022] + HELICS v0.7.0
  [ef3b0bb0] + HELICS_jll v2.4.1+1
  [8f1865be] + ZeroMQ_jll v4.3.2+1
  [2a0f44e3] + Base64 
  [ade2ca70] + Dates 
  [8ba89e20] + Distributed 
  [b77e0a4c] + InteractiveUtils 
  [76f85450] + LibGit2 
  [8f399da3] + Libdl 
  [56ddb016] + Logging 
  [d6f4376e] + Markdown 
  [44cfe95a] + Pkg 
  [de0858da] + Printf 
  [3fa0cd96] + REPL 
  [9a3f8284] + Random 
  [ea8e919c] + SHA 
  [9e88b42a] + Serialization 
  [6462fe0b] + Sockets 
  [8dfed614] + Test 
  [cf7118a7] + UUIDs 
  [4ec0a83e] + Unicode 
   Testing HELICS
 Resolving package versions...
    Status `/tmp/jl_dqF9kb/Manifest.toml`
  [fa961155] CEnum v0.2.0
  [ffbed154] DocStringExtensions v0.8.1
  [81524022] HELICS v0.7.0
  [ef3b0bb0] HELICS_jll v2.4.1+1
  [8f1865be] ZeroMQ_jll v4.3.2+1
  [2a0f44e3] Base64  [`@stdlib/Base64`]
  [ade2ca70] Dates  [`@stdlib/Dates`]
  [8ba89e20] Distributed  [`@stdlib/Distributed`]
  [b77e0a4c] InteractiveUtils  [`@stdlib/InteractiveUtils`]
  [76f85450] LibGit2  [`@stdlib/LibGit2`]
  [8f399da3] Libdl  [`@stdlib/Libdl`]
  [56ddb016] Logging  [`@stdlib/Logging`]
  [d6f4376e] Markdown  [`@stdlib/Markdown`]
  [44cfe95a] Pkg  [`@stdlib/Pkg`]
  [de0858da] Printf  [`@stdlib/Printf`]
  [3fa0cd96] REPL  [`@stdlib/REPL`]
  [9a3f8284] Random  [`@stdlib/Random`]
  [ea8e919c] SHA  [`@stdlib/SHA`]
  [9e88b42a] Serialization  [`@stdlib/Serialization`]
  [6462fe0b] Sockets  [`@stdlib/Sockets`]
  [8dfed614] Test  [`@stdlib/Test`]
  [cf7118a7] UUIDs  [`@stdlib/UUIDs`]
  [4ec0a83e] Unicode  [`@stdlib/Unicode`]
Test Summary: | Pass  Total
Versions      |    2      2
2, test1 (131072), test MEXAGE, UserData(6)
2, test1 (131072), test MEXAGE, UserData(7)
2, test1 (131072), test MEXAGE, UserData(8)
2, test1 (131072), test MEXAGE, UserData(9)
broker3 (0)::Unable to connect to publication target Ep2
broker3 (0)::Unable to connect to endpoint target ep2
broker3 (0)::Unable to connect to filter target fed1/pub3
Test Summary: | Pass  Total
API           |   52     52
fed1 (131072) (0)::Unable to connect to publication target Ep2
fed1 (131072) (0)::Unable to connect to filter target fed1/pub3
Test Summary: | Pass  Total
ValueFederate |  176    176
Test Summary:   | Pass  Broken  Total
MessageFederate |   81       4     85
Test Summary:       | Pass  Total
CombinationFederate |   12     12
Test Summary: | Pass  Total
MessageFilter |   42     42
Test Summary: | Pass  Total
Query         |   17     17
Testsource (0)::now waiting for the core to finish registration before proceeding
Test Summary: | Pass  Broken  Total
Filters       |  220       1    221
Test Summary: | Pass  Broken  Total
Bad Inputs    |  129       3    132
--loglevel: Check what_logs? value in {connections->3,data->6,error->0,interfaces->4,no_print->-1,none->-1,summary->2,timing->5,trace->7,warning->1} OR {3,6,0,4,-1,-1,2,5,7,1} FAILED
Run with --help for more information.
--loglevel: Check what_logs? value in {connections->3,data->6,error->0,interfaces->4,no_print->-1,none->-1,summary->2,timing->5,trace->7,warning->1} OR {3,6,0,4,-1,-1,2,5,7,1} FAILED
Run with --help for more information.
System Test Federate Global Value: Error During Test at /home/pkgeval/.julia/packages/HELICS/K532V/test/systemtests.jl:81
  Got exception outside of a @test
  HELICS.Utils.HELICSErrorOther("`helicsCreateValueFederate` errored with message `TEST core is not available`")
  Stacktrace:
   [1] invoke_and_check(::Function, ::String, ::Vararg{Any,N} where N) at /home/pkgeval/.julia/packages/HELICS/K532V/src/utils.jl:48
   [2] helicsCreateValueFederate(::String, ::HELICS.FederateInfo) at /home/pkgeval/.julia/packages/HELICS/K532V/src/api.jl:2139
   [3] top-level scope at /home/pkgeval/.julia/packages/HELICS/K532V/test/systemtests.jl:97
   [4] top-level scope at /buildworker/worker/package_linux64/build/usr/share/julia/stdlib/v1.3/Test/src/Test.jl:1107
   [5] top-level scope at /home/pkgeval/.julia/packages/HELICS/K532V/test/systemtests.jl:83
   [6] include at ./boot.jl:328 [inlined]
   [7] include_relative(::Module, ::String) at ./loading.jl:1105
   [8] include(::Module, ::String) at ./Base.jl:31
   [9] include(::String) at ./client.jl:424
   [10] top-level scope at /home/pkgeval/.julia/packages/HELICS/K532V/test/runtests.jl:46
   [11] top-level scope at /buildworker/worker/package_linux64/build/usr/share/julia/stdlib/v1.3/Test/src/Test.jl:1107
   [12] top-level scope at /home/pkgeval/.julia/packages/HELICS/K532V/test/runtests.jl:46
   [13] include at ./boot.jl:328 [inlined]
   [14] include_relative(::Module, ::String) at ./loading.jl:1105
   [15] include(::Module, ::String) at ./Base.jl:31
   [16] include(::String) at ./client.jl:424
   [17] top-level scope at none:6
   [18] eval(::Module, ::Any) at ./boot.jl:330
   [19] exec_options(::Base.JLOptions) at ./client.jl:263
   [20] _start() at ./client.jl:460
  
Test Summary:                       | Pass  Error  Broken  Total
System Test                         |   12      1       1     14
  System Test Core Creation         |    3                     3
  System Test Broker Creation       |    2                     2
  System Test Broker Global Value   |    3                     3
  System Test Core Global Value     |    1              1      2
  System Test Federate Global Value |           1              1
  System Tests Core Logging         |    1                     1
  System Tests Broker Logging       |    1                     1
  System Tests Federate Logging     |    1                     1
ERROR: LoadError: Some tests did not pass: 12 passed, 0 failed, 1 errored, 1 broken.
in expression starting at /home/pkgeval/.julia/packages/HELICS/K532V/test/runtests.jl:45
f1 (131072) (0)::hello
f1 (131072) (0)::hello
ERROR: Package HELICS errored during testing
Stacktrace:
 [1] pkgerror(::String, ::Vararg{String,N} where N) at /buildworker/worker/package_linux64/build/usr/share/julia/stdlib/v1.3/Pkg/src/Types.jl:113
 [2] #test#131(::Bool, ::Nothing, ::Cmd, ::Cmd, ::typeof(Pkg.Operations.test), ::Pkg.Types.Context, ::Array{Pkg.Types.PackageSpec,1}) at /buildworker/worker/package_linux64/build/usr/share/julia/stdlib/v1.3/Pkg/src/Operations.jl:1372
 [3] #test at ./none:0 [inlined]
 [4] #test#62(::Bool, ::Nothing, ::Cmd, ::Cmd, ::Base.Iterators.Pairs{Union{},Union{},Tuple{},NamedTuple{(),Tuple{}}}, ::typeof(Pkg.API.test), ::Pkg.Types.Context, ::Array{Pkg.Types.PackageSpec,1}) at /buildworker/worker/package_linux64/build/usr/share/julia/stdlib/v1.3/Pkg/src/API.jl:253
 [5] test(::Pkg.Types.Context, ::Array{Pkg.Types.PackageSpec,1}) at /buildworker/worker/package_linux64/build/usr/share/julia/stdlib/v1.3/Pkg/src/API.jl:239
 [6] #test#61 at /buildworker/worker/package_linux64/build/usr/share/julia/stdlib/v1.3/Pkg/src/API.jl:233 [inlined]
 [7] test at /buildworker/worker/package_linux64/build/usr/share/julia/stdlib/v1.3/Pkg/src/API.jl:233 [inlined]
 [8] #test#60 at /buildworker/worker/package_linux64/build/usr/share/julia/stdlib/v1.3/Pkg/src/API.jl:232 [inlined]
 [9] test at /buildworker/worker/package_linux64/build/usr/share/julia/stdlib/v1.3/Pkg/src/API.jl:232 [inlined]
 [10] #test#59(::Base.Iterators.Pairs{Union{},Union{},Tuple{},NamedTuple{(),Tuple{}}}, ::typeof(Pkg.API.test), ::String) at /buildworker/worker/package_linux64/build/usr/share/julia/stdlib/v1.3/Pkg/src/API.jl:231
 [11] test(::String) at /buildworker/worker/package_linux64/build/usr/share/julia/stdlib/v1.3/Pkg/src/API.jl:231
 [12] top-level scope at none:13
